# JRE version: OpenJDK Runtime Environment (8.0_242) (build 1.8.0_242-release-1644-b3-6222593)
# Java VM: OpenJDK 64-Bit Server VM (25.242-b3-6222593 mixed mode linux-amd64 compressed oops)
Heap:
 PSYoungGen      total 497152K, used 17145K [0x00000000d5580000, 0x00000000f8280000, 0x0000000100000000)
  eden space 446464K, 0% used [0x00000000d5580000,0x00000000d5580000,0x00000000f0980000)
  from space 50688K, 33% used [0x00000000f0980000,0x00000000f1a3e420,0x00000000f3b00000)
  to   space 50176K, 0% used [0x00000000f3b00000,0x00000000f3b00000,0x00000000f6c00000)
 ParOldGen       total 188928K, used 113783K [0x0000000080000000, 0x000000008b880000, 0x00000000d5580000)
  object space 188928K, 60% used [0x0000000080000000,0x0000000086f1dd40,0x000000008b880000)
 Metaspace       used 106798K, capacity 111660K, committed 114520K, reserved 1148928K
  class space    used 13874K, capacity 14840K, committed 15488K, reserved 1048576K
GC Heap History (10 events):
Event: 9839.534 GC heap after
Heap after GC invocations=21 (full 4):
 PSYoungGen      total 364032K, used 18425K [0x00000000d5580000, 0x00000000ee800000, 0x0000000100000000)
  eden space 345600K, 0% used [0x00000000d5580000,0x00000000d5580000,0x00000000ea700000)
  from space 18432K, 99% used [0x00000000eb680000,0x00000000ec87e770,0x00000000ec880000)
  to   space 32256K, 0% used [0x00000000ec880000,0x00000000ec880000,0x00000000ee800000)
 ParOldGen       total 136192K, used 76921K [0x0000000080000000, 0x0000000088500000, 0x00000000d5580000)
  object space 136192K, 56% used [0x0000000080000000,0x0000000084b1e7b0,0x0000000088500000)
 Metaspace       used 91303K, capacity 95564K, committed 95832K, reserved 1132544K
  class space    used 11987K, capacity 12917K, committed 12928K, reserved 1048576K
}
Event: 10040.162 GC heap before
{Heap before GC invocations=22 (full 4):
 PSYoungGen      total 364032K, used 364025K [0x00000000d5580000, 0x00000000ee800000, 0x0000000100000000)
  eden space 345600K, 100% used [0x00000000d5580000,0x00000000ea700000,0x00000000ea700000)
  from space 18432K, 99% used [0x00000000eb680000,0x00000000ec87e770,0x00000000ec880000)
  to   space 32256K, 0% used [0x00000000ec880000,0x00000000ec880000,0x00000000ee800000)
 ParOldGen       total 136192K, used 76921K [0x0000000080000000, 0x0000000088500000, 0x00000000d5580000)
  object space 136192K, 56% used [0x0000000080000000,0x0000000084b1e7b0,0x0000000088500000)
 Metaspace       used 99353K, capacity 104044K, committed 104280K, reserved 1140736K
  class space    used 12914K, capacity 13925K, committed 13952K, reserved 1048576K
Event: 10048.260 GC heap after
Heap after GC invocations=22 (full 4):
 PSYoungGen      total 375808K, used 27883K [0x00000000d5580000, 0x00000000f4880000, 0x0000000100000000)
  eden space 343552K, 0% used [0x00000000d5580000,0x00000000d5580000,0x00000000ea500000)
  from space 32256K, 86% used [0x00000000ec880000,0x00000000ee3bade0,0x00000000ee800000)
  to   space 36352K, 0% used [0x00000000ea500000,0x00000000ea500000,0x00000000ec880000)
 ParOldGen       total 136192K, used 77407K [0x0000000080000000, 0x0000000088500000, 0x00000000d5580000)
  object space 136192K, 56% used [0x0000000080000000,0x0000000084b97e68,0x0000000088500000)
 Metaspace       used 99353K, capacity 104044K, committed 104280K, reserved 1140736K
  class space    used 12914K, capacity 13925K, committed 13952K, reserved 1048576K
}
Event: 10090.194 GC heap before
{Heap before GC invocations=23 (full 4):
 PSYoungGen      total 375808K, used 371435K [0x00000000d5580000, 0x00000000f4880000, 0x0000000100000000)
  eden space 343552K, 100% used [0x00000000d5580000,0x00000000ea500000,0x00000000ea500000)
  from space 32256K, 86% used [0x00000000ec880000,0x00000000ee3bade0,0x00000000ee800000)
  to   space 36352K, 0% used [0x00000000ea500000,0x00000000ea500000,0x00000000ec880000)
 ParOldGen       total 136192K, used 77407K [0x0000000080000000, 0x0000000088500000, 0x00000000d5580000)
  object space 136192K, 56% used [0x0000000080000000,0x0000000084b97e68,0x0000000088500000)
 Metaspace       used 101715K, capacity 106834K, committed 106968K, reserved 1142784K
  class space    used 13259K, capacity 14318K, committed 14336K, reserved 1048576K
Event: 10092.267 GC heap after
Heap after GC invocations=23 (full 4):
 PSYoungGen      total 379904K, used 36335K [0x00000000d5580000, 0x00000000f6c00000, 0x0000000100000000)
  eden space 343552K, 0% used [0x00000000d5580000,0x00000000d5580000,0x00000000ea500000)
  from space 36352K, 99% used [0x00000000ea500000,0x00000000ec87bcb0,0x00000000ec880000)
  to   space 50176K, 0% used [0x00000000f3b00000,0x00000000f3b00000,0x00000000f6c00000)
 ParOldGen       total 136192K, used 99203K [0x0000000080000000, 0x0000000088500000, 0x00000000d5580000)
  object space 136192K, 72% used [0x0000000080000000,0x00000000860e0e10,0x0000000088500000)
 Metaspace       used 101715K, capacity 106834K, committed 106968K, reserved 1142784K
  class space    used 13259K, capacity 14318K, committed 14336K, reserved 1048576K
}
Event: 10096.301 GC heap before
{Heap before GC invocations=24 (full 4):
 PSYoungGen      total 379904K, used 379887K [0x00000000d5580000, 0x00000000f6c00000, 0x0000000100000000)
  eden space 343552K, 100% used [0x00000000d5580000,0x00000000ea500000,0x00000000ea500000)
  from space 36352K, 99% used [0x00000000ea500000,0x00000000ec87bcb0,0x00000000ec880000)
  to   space 50176K, 0% used [0x00000000f3b00000,0x00000000f3b00000,0x00000000f6c00000)
 ParOldGen       total 136192K, used 99203K [0x0000000080000000, 0x0000000088500000, 0x00000000d5580000)
  object space 136192K, 72% used [0x0000000080000000,0x00000000860e0e10,0x0000000088500000)
 Metaspace       used 107340K, capacity 113504K, committed 113752K, reserved 1146880K
  class space    used 14199K, capacity 15395K, committed 15488K, reserved 1048576K
Event: 10097.579 GC heap after
Heap after GC invocations=24 (full 4):
 PSYoungGen      total 496640K, used 28804K [0x00000000d5580000, 0x00000000f8280000, 0x0000000100000000)
  eden space 446464K, 0% used [0x00000000d5580000,0x00000000d5580000,0x00000000f0980000)
  from space 50176K, 57% used [0x00000000f3b00000,0x00000000f5721008,0x00000000f6c00000)
  to   space 50688K, 0% used [0x00000000f0980000,0x00000000f0980000,0x00000000f3b00000)
 ParOldGen       total 136192K, used 133686K [0x0000000080000000, 0x0000000088500000, 0x00000000d5580000)
  object space 136192K, 98% used [0x0000000080000000,0x000000008828daa8,0x0000000088500000)
 Metaspace       used 107340K, capacity 113504K, committed 113752K, reserved 1146880K
  class space    used 14199K, capacity 15395K, committed 15488K, reserved 1048576K
}
Event: 10097.631 GC heap before
{Heap before GC invocations=25 (full 5):
 PSYoungGen      total 496640K, used 28804K [0x00000000d5580000, 0x00000000f8280000, 0x0000000100000000)
  eden space 446464K, 0% used [0x00000000d5580000,0x00000000d5580000,0x00000000f0980000)
  from space 50176K, 57% used [0x00000000f3b00000,0x00000000f5721008,0x00000000f6c00000)
  to   space 50688K, 0% used [0x00000000f0980000,0x00000000f0980000,0x00000000f3b00000)
 ParOldGen       total 136192K, used 133686K [0x0000000080000000, 0x0000000088500000, 0x00000000d5580000)
  object space 136192K, 98% used [0x0000000080000000,0x000000008828daa8,0x0000000088500000)
 Metaspace       used 107340K, capacity 113504K, committed 113752K, reserved 1146880K
  class space    used 14199K, capacity 15395K, committed 15488K, reserved 1048576K
Event: 10139.480 GC heap after
Heap after GC invocations=25 (full 5):
 PSYoungGen      total 496640K, used 0K [0x00000000d5580000, 0x00000000f8280000, 0x0000000100000000)
  eden space 446464K, 0% used [0x00000000d5580000,0x00000000d5580000,0x00000000f0980000)
  from space 50176K, 0% used [0x00000000f3b00000,0x00000000f3b00000,0x00000000f6c00000)
  to   space 50688K, 0% used [0x00000000f0980000,0x00000000f0980000,0x00000000f3b00000)
 ParOldGen       total 188928K, used 113775K [0x0000000080000000, 0x000000008b880000, 0x00000000d5580000)
  object space 188928K, 60% used [0x0000000080000000,0x0000000086f1bd40,0x000000008b880000)
 Metaspace       used 105986K, capacity 110792K, committed 113752K, reserved 1146880K
  class space    used 13862K, capacity 14800K, committed 15488K, reserved 1048576K
}
Event: 10175.079 GC heap before
{Heap before GC invocations=26 (full 5):
 PSYoungGen      total 496640K, used 446464K [0x00000000d5580000, 0x00000000f8280000, 0x0000000100000000)
  eden space 446464K, 100% used [0x00000000d5580000,0x00000000f0980000,0x00000000f0980000)
  from space 50176K, 0% used [0x00000000f3b00000,0x00000000f3b00000,0x00000000f6c00000)
  to   space 50688K, 0% used [0x00000000f0980000,0x00000000f0980000,0x00000000f3b00000)
 ParOldGen       total 188928K, used 113775K [0x0000000080000000, 0x000000008b880000, 0x00000000d5580000)
  object space 188928K, 60% used [0x0000000080000000,0x0000000086f1bd40,0x000000008b880000)
 Metaspace       used 106798K, capacity 111660K, committed 114520K, reserved 1148928K
  class space    used 13874K, capacity 14840K, committed 15488K, reserved 1048576K

